-------------------------------------------------------------------------------
Test set: initial.TestRunner
-------------------------------------------------------------------------------
Tests run: 10, Failures: 3, Errors: 0, Skipped: 7, Time elapsed: 0.095 sec <<< FAILURE!
testH FILE:[1]testH_BrokenTest.csv[1](initial.TestRunner)  Time elapsed: 0.008 sec  <<< FAILURE!
java.lang.AssertionError: expected:<62.0> but was:<63.0>
	at org.junit.Assert.fail(Assert.java:88)
	at org.junit.Assert.failNotEquals(Assert.java:834)
	at org.junit.Assert.assertEquals(Assert.java:575)
	at org.junit.Assert.assertEquals(Assert.java:700)
	at initial.TestRunner.testH(TestRunner.java:132)
	at sun.reflect.NativeMethodAccessorImpl.invoke0(Native Method)
	at sun.reflect.NativeMethodAccessorImpl.invoke(NativeMethodAccessorImpl.java:62)
	at sun.reflect.DelegatingMethodAccessorImpl.invoke(DelegatingMethodAccessorImpl.java:43)
	at java.lang.reflect.Method.invoke(Method.java:498)
	at org.junit.runners.model.FrameworkMethod$1.runReflectiveCall(FrameworkMethod.java:50)
	at org.junit.internal.runners.model.ReflectiveCallable.run(ReflectiveCallable.java:12)
	at org.junit.runners.model.FrameworkMethod.invokeExplosively(FrameworkMethod.java:47)
	at org.retest.ReTestStatement$2.evaluate(ReTestStatement.java:127)
	at org.retest.ReTestStatement$1$1.evaluate(ReTestStatement.java:77)
	at org.retest.ReTestStatement.runWithCompleteAssignment(ReTestStatement.java:112)
	at org.retest.ReTestStatement.evaluate(ReTestStatement.java:54)
	at org.junit.runners.ParentRunner.runLeaf(ParentRunner.java:325)
	at org.retest.ReTestRunner.runRepeatedly(ReTestRunner.java:184)
	at org.retest.ReTestRunner.runChild(ReTestRunner.java:159)
	at org.retest.ReTestRunner.runChild(ReTestRunner.java:32)
	at org.junit.runners.ParentRunner$3.run(ParentRunner.java:290)
	at org.junit.runners.ParentRunner$1.schedule(ParentRunner.java:71)
	at org.junit.runners.ParentRunner.runChildren(ParentRunner.java:288)
	at org.junit.runners.ParentRunner.access$000(ParentRunner.java:58)
	at org.junit.runners.ParentRunner$2.evaluate(ParentRunner.java:268)
	at org.junit.runners.ParentRunner.run(ParentRunner.java:363)
	at org.apache.maven.surefire.junit4.JUnit4TestSet.execute(JUnit4TestSet.java:53)
	at org.apache.maven.surefire.junit4.JUnit4Provider.executeTestSet(JUnit4Provider.java:123)
	at org.apache.maven.surefire.junit4.JUnit4Provider.invoke(JUnit4Provider.java:104)
	at sun.reflect.NativeMethodAccessorImpl.invoke0(Native Method)
	at sun.reflect.NativeMethodAccessorImpl.invoke(NativeMethodAccessorImpl.java:62)
	at sun.reflect.DelegatingMethodAccessorImpl.invoke(DelegatingMethodAccessorImpl.java:43)
	at java.lang.reflect.Method.invoke(Method.java:498)
	at org.apache.maven.surefire.util.ReflectionUtils.invokeMethodWithArray(ReflectionUtils.java:164)
	at org.apache.maven.surefire.booter.ProviderFactory$ProviderProxy.invoke(ProviderFactory.java:110)
	at org.apache.maven.surefire.booter.SurefireStarter.invokeProvider(SurefireStarter.java:175)
	at org.apache.maven.surefire.booter.SurefireStarter.runSuitesInProcessWhenForked(SurefireStarter.java:107)
	at org.apache.maven.surefire.booter.ForkedBooter.main(ForkedBooter.java:68)
testH FILE:[1]testH_BrokenTest.csv[2](initial.TestRunner)  Time elapsed: 0.001 sec  <<< FAILURE!
java.lang.AssertionError: expected:<74.0> but was:<75.0>
	at org.junit.Assert.fail(Assert.java:88)
	at org.junit.Assert.failNotEquals(Assert.java:834)
	at org.junit.Assert.assertEquals(Assert.java:575)
	at org.junit.Assert.assertEquals(Assert.java:700)
	at initial.TestRunner.testH(TestRunner.java:132)
	at sun.reflect.NativeMethodAccessorImpl.invoke0(Native Method)
	at sun.reflect.NativeMethodAccessorImpl.invoke(NativeMethodAccessorImpl.java:62)
	at sun.reflect.DelegatingMethodAccessorImpl.invoke(DelegatingMethodAccessorImpl.java:43)
	at java.lang.reflect.Method.invoke(Method.java:498)
	at org.junit.runners.model.FrameworkMethod$1.runReflectiveCall(FrameworkMethod.java:50)
	at org.junit.internal.runners.model.ReflectiveCallable.run(ReflectiveCallable.java:12)
	at org.junit.runners.model.FrameworkMethod.invokeExplosively(FrameworkMethod.java:47)
	at org.retest.ReTestStatement$2.evaluate(ReTestStatement.java:127)
	at org.retest.ReTestStatement$1$1.evaluate(ReTestStatement.java:77)
	at org.retest.ReTestStatement.runWithCompleteAssignment(ReTestStatement.java:112)
	at org.retest.ReTestStatement.evaluate(ReTestStatement.java:54)
	at org.junit.runners.ParentRunner.runLeaf(ParentRunner.java:325)
	at org.retest.ReTestRunner.runRepeatedly(ReTestRunner.java:184)
	at org.retest.ReTestRunner.runChild(ReTestRunner.java:159)
	at org.retest.ReTestRunner.runChild(ReTestRunner.java:32)
	at org.junit.runners.ParentRunner$3.run(ParentRunner.java:290)
	at org.junit.runners.ParentRunner$1.schedule(ParentRunner.java:71)
	at org.junit.runners.ParentRunner.runChildren(ParentRunner.java:288)
	at org.junit.runners.ParentRunner.access$000(ParentRunner.java:58)
	at org.junit.runners.ParentRunner$2.evaluate(ParentRunner.java:268)
	at org.junit.runners.ParentRunner.run(ParentRunner.java:363)
	at org.apache.maven.surefire.junit4.JUnit4TestSet.execute(JUnit4TestSet.java:53)
	at org.apache.maven.surefire.junit4.JUnit4Provider.executeTestSet(JUnit4Provider.java:123)
	at org.apache.maven.surefire.junit4.JUnit4Provider.invoke(JUnit4Provider.java:104)
	at sun.reflect.NativeMethodAccessorImpl.invoke0(Native Method)
	at sun.reflect.NativeMethodAccessorImpl.invoke(NativeMethodAccessorImpl.java:62)
	at sun.reflect.DelegatingMethodAccessorImpl.invoke(DelegatingMethodAccessorImpl.java:43)
	at java.lang.reflect.Method.invoke(Method.java:498)
	at org.apache.maven.surefire.util.ReflectionUtils.invokeMethodWithArray(ReflectionUtils.java:164)
	at org.apache.maven.surefire.booter.ProviderFactory$ProviderProxy.invoke(ProviderFactory.java:110)
	at org.apache.maven.surefire.booter.SurefireStarter.invokeProvider(SurefireStarter.java:175)
	at org.apache.maven.surefire.booter.SurefireStarter.runSuitesInProcessWhenForked(SurefireStarter.java:107)
	at org.apache.maven.surefire.booter.ForkedBooter.main(ForkedBooter.java:68)
testH FILE:[2]testH_SuccessTest.csv[0](initial.TestRunner)  Time elapsed: 0.001 sec  <<< FAILURE!
java.lang.AssertionError: Data not found!
	at org.junit.Assert.fail(Assert.java:88)
	at org.retest.ReTestStatement$2.evaluate(ReTestStatement.java:125)
	at org.retest.ReTestStatement$1$1.evaluate(ReTestStatement.java:77)
	at org.retest.ReTestStatement.runWithCompleteAssignment(ReTestStatement.java:112)
	at org.retest.ReTestStatement.evaluate(ReTestStatement.java:54)
	at org.junit.runners.ParentRunner.runLeaf(ParentRunner.java:325)
	at org.retest.ReTestRunner.runRepeatedly(ReTestRunner.java:184)
	at org.retest.ReTestRunner.runChild(ReTestRunner.java:159)
	at org.retest.ReTestRunner.runChild(ReTestRunner.java:32)
	at org.junit.runners.ParentRunner$3.run(ParentRunner.java:290)
	at org.junit.runners.ParentRunner$1.schedule(ParentRunner.java:71)
	at org.junit.runners.ParentRunner.runChildren(ParentRunner.java:288)
	at org.junit.runners.ParentRunner.access$000(ParentRunner.java:58)
	at org.junit.runners.ParentRunner$2.evaluate(ParentRunner.java:268)
	at org.junit.runners.ParentRunner.run(ParentRunner.java:363)
	at org.apache.maven.surefire.junit4.JUnit4TestSet.execute(JUnit4TestSet.java:53)
	at org.apache.maven.surefire.junit4.JUnit4Provider.executeTestSet(JUnit4Provider.java:123)
	at org.apache.maven.surefire.junit4.JUnit4Provider.invoke(JUnit4Provider.java:104)
	at sun.reflect.NativeMethodAccessorImpl.invoke0(Native Method)
	at sun.reflect.NativeMethodAccessorImpl.invoke(NativeMethodAccessorImpl.java:62)
	at sun.reflect.DelegatingMethodAccessorImpl.invoke(DelegatingMethodAccessorImpl.java:43)
	at java.lang.reflect.Method.invoke(Method.java:498)
	at org.apache.maven.surefire.util.ReflectionUtils.invokeMethodWithArray(ReflectionUtils.java:164)
	at org.apache.maven.surefire.booter.ProviderFactory$ProviderProxy.invoke(ProviderFactory.java:110)
	at org.apache.maven.surefire.booter.SurefireStarter.invokeProvider(SurefireStarter.java:175)
	at org.apache.maven.surefire.booter.SurefireStarter.runSuitesInProcessWhenForked(SurefireStarter.java:107)
	at org.apache.maven.surefire.booter.ForkedBooter.main(ForkedBooter.java:68)
