<?xml version="1.0" encoding="UTF-8" ?>
<testsuite tests="101" failures="0" name="initial.case01.Case01" time="1.299" errors="0" skipped="1">
  <properties>
[...]
</properties>
  <testcase classname="initial.case01.Case01" name="testLoad" time="0">
    <skipped/>
  </testcase>
  <testcase classname="initial.case01.Case01" name="test ReTest[1]" time="0.023"/>
  <testcase classname="initial.case01.Case01" name="test ReTest[2]" time="0.011"/>
  <testcase classname="initial.case01.Case01" name="test ReTest[3]" time="0.011"/>
  <testcase classname="initial.case01.Case01" name="test ReTest[4]" time="0.011"/>
  <testcase classname="initial.case01.Case01" name="test ReTest[5]" time="0.011"/>
  <testcase classname="initial.case01.Case01" name="test ReTest[6]" time="0.011"/>
  <testcase classname="initial.case01.Case01" name="test ReTest[7]" time="0.012"/>
  <testcase classname="initial.case01.Case01" name="test ReTest[8]" time="0.012"/>
  <testcase classname="initial.case01.Case01" name="test ReTest[9]" time="0.011"/>
  <testcase classname="initial.case01.Case01" name="test ReTest[10]" time="0.011"/>
  <testcase classname="initial.case01.Case01" name="test ReTest[11]" time="0.012"/>
  <testcase classname="initial.case01.Case01" name="test ReTest[12]" time="0.011"/>
  <testcase classname="initial.case01.Case01" name="test ReTest[13]" time="0.011"/>
  <testcase classname="initial.case01.Case01" name="test ReTest[14]" time="0.011"/>
  <testcase classname="initial.case01.Case01" name="test ReTest[15]" time="0.012"/>
  <testcase classname="initial.case01.Case01" name="test ReTest[16]" time="0.015"/>
  <testcase classname="initial.case01.Case01" name="test ReTest[17]" time="0.012"/>
  <testcase classname="initial.case01.Case01" name="test ReTest[18]" time="0.011"/>
  <testcase classname="initial.case01.Case01" name="test ReTest[19]" time="0.011"/>
  <testcase classname="initial.case01.Case01" name="test ReTest[20]" time="0.011"/>
  <testcase classname="initial.case01.Case01" name="test ReTest[21]" time="0.012"/>
  <testcase classname="initial.case01.Case01" name="test ReTest[22]" time="0.012"/>
  <testcase classname="initial.case01.Case01" name="test ReTest[23]" time="0.012"/>
  <testcase classname="initial.case01.Case01" name="test ReTest[24]" time="0.011"/>
  <testcase classname="initial.case01.Case01" name="test ReTest[25]" time="0.012"/>
  <testcase classname="initial.case01.Case01" name="test ReTest[26]" time="0.012"/>
  <testcase classname="initial.case01.Case01" name="test ReTest[27]" time="0.011"/>
  <testcase classname="initial.case01.Case01" name="test ReTest[28]" time="0.012"/>
  <testcase classname="initial.case01.Case01" name="test ReTest[29]" time="0.011"/>
  <testcase classname="initial.case01.Case01" name="test ReTest[30]" time="0.011"/>
  <testcase classname="initial.case01.Case01" name="test ReTest[31]" time="0.012"/>
  <testcase classname="initial.case01.Case01" name="test ReTest[32]" time="0.012"/>
  <testcase classname="initial.case01.Case01" name="test ReTest[33]" time="0.013"/>
  <testcase classname="initial.case01.Case01" name="test ReTest[34]" time="0.016"/>
  <testcase classname="initial.case01.Case01" name="test ReTest[35]" time="0.01"/>
  <testcase classname="initial.case01.Case01" name="test ReTest[36]" time="0.012"/>
  <testcase classname="initial.case01.Case01" name="test ReTest[37]" time="0.012"/>
  <testcase classname="initial.case01.Case01" name="test ReTest[38]" time="0.012"/>
  <testcase classname="initial.case01.Case01" name="test ReTest[39]" time="0.012"/>
  <testcase classname="initial.case01.Case01" name="test ReTest[40]" time="0.011"/>
  <testcase classname="initial.case01.Case01" name="test ReTest[41]" time="0.011"/>
  <testcase classname="initial.case01.Case01" name="test ReTest[42]" time="0.012"/>
  <testcase classname="initial.case01.Case01" name="test ReTest[43]" time="0.011"/>
  <testcase classname="initial.case01.Case01" name="test ReTest[44]" time="0.011"/>
  <testcase classname="initial.case01.Case01" name="test ReTest[45]" time="0.012"/>
  <testcase classname="initial.case01.Case01" name="test ReTest[46]" time="0.011"/>
  <testcase classname="initial.case01.Case01" name="test ReTest[47]" time="0.011"/>
  <testcase classname="initial.case01.Case01" name="test ReTest[48]" time="0.013"/>
  <testcase classname="initial.case01.Case01" name="test ReTest[49]" time="0.011"/>
  <testcase classname="initial.case01.Case01" name="test ReTest[50]" time="0.012"/>
  <testcase classname="initial.case01.Case01" name="test ReTest[51]" time="0.011"/>
  <testcase classname="initial.case01.Case01" name="test ReTest[52]" time="0.011"/>
  <testcase classname="initial.case01.Case01" name="test ReTest[53]" time="0.011"/>
  <testcase classname="initial.case01.Case01" name="test ReTest[54]" time="0.011"/>
  <testcase classname="initial.case01.Case01" name="test ReTest[55]" time="0.011"/>
  <testcase classname="initial.case01.Case01" name="test ReTest[56]" time="0.012"/>
  <testcase classname="initial.case01.Case01" name="test ReTest[57]" time="0.011"/>
  <testcase classname="initial.case01.Case01" name="test ReTest[58]" time="0.012"/>
  <testcase classname="initial.case01.Case01" name="test ReTest[59]" time="0.011"/>
  <testcase classname="initial.case01.Case01" name="test ReTest[60]" time="0.011"/>
  <testcase classname="initial.case01.Case01" name="test ReTest[61]" time="0.011"/>
  <testcase classname="initial.case01.Case01" name="test ReTest[62]" time="0.012"/>
  <testcase classname="initial.case01.Case01" name="test ReTest[63]" time="0.011"/>
  <testcase classname="initial.case01.Case01" name="test ReTest[64]" time="0.011"/>
  <testcase classname="initial.case01.Case01" name="test ReTest[65]" time="0.012"/>
  <testcase classname="initial.case01.Case01" name="test ReTest[66]" time="0.012"/>
  <testcase classname="initial.case01.Case01" name="test ReTest[67]" time="0.011"/>
  <testcase classname="initial.case01.Case01" name="test ReTest[68]" time="0.011"/>
  <testcase classname="initial.case01.Case01" name="test ReTest[69]" time="0.011"/>
  <testcase classname="initial.case01.Case01" name="test ReTest[70]" time="0.011"/>
  <testcase classname="initial.case01.Case01" name="test ReTest[71]" time="0.012"/>
  <testcase classname="initial.case01.Case01" name="test ReTest[72]" time="0.012"/>
  <testcase classname="initial.case01.Case01" name="test ReTest[73]" time="0.011"/>
  <testcase classname="initial.case01.Case01" name="test ReTest[74]" time="0.012"/>
  <testcase classname="initial.case01.Case01" name="test ReTest[75]" time="0.011"/>
  <testcase classname="initial.case01.Case01" name="test ReTest[76]" time="0.011"/>
  <testcase classname="initial.case01.Case01" name="test ReTest[77]" time="0.011"/>
  <testcase classname="initial.case01.Case01" name="test ReTest[78]" time="0.011"/>
  <testcase classname="initial.case01.Case01" name="test ReTest[79]" time="0.012"/>
  <testcase classname="initial.case01.Case01" name="test ReTest[80]" time="0.012"/>
  <testcase classname="initial.case01.Case01" name="test ReTest[81]" time="0.012"/>
  <testcase classname="initial.case01.Case01" name="test ReTest[82]" time="0.012"/>
  <testcase classname="initial.case01.Case01" name="test ReTest[83]" time="0.011"/>
  <testcase classname="initial.case01.Case01" name="test ReTest[84]" time="0.011"/>
  <testcase classname="initial.case01.Case01" name="test ReTest[85]" time="0.011"/>
  <testcase classname="initial.case01.Case01" name="test ReTest[86]" time="0.01"/>
  <testcase classname="initial.case01.Case01" name="test ReTest[87]" time="0.011"/>
  <testcase classname="initial.case01.Case01" name="test ReTest[88]" time="0.012"/>
  <testcase classname="initial.case01.Case01" name="test ReTest[89]" time="0.012"/>
  <testcase classname="initial.case01.Case01" name="test ReTest[90]" time="0.011"/>
  <testcase classname="initial.case01.Case01" name="test ReTest[91]" time="0.011"/>
  <testcase classname="initial.case01.Case01" name="test ReTest[92]" time="0.012"/>
  <testcase classname="initial.case01.Case01" name="test ReTest[93]" time="0.012"/>
  <testcase classname="initial.case01.Case01" name="test ReTest[94]" time="0.011"/>
  <testcase classname="initial.case01.Case01" name="test ReTest[95]" time="0.011"/>
  <testcase classname="initial.case01.Case01" name="test ReTest[96]" time="0.011"/>
  <testcase classname="initial.case01.Case01" name="test ReTest[97]" time="0.012"/>
  <testcase classname="initial.case01.Case01" name="test ReTest[98]" time="0.012"/>
  <testcase classname="initial.case01.Case01" name="test ReTest[99]" time="0.011"/>
  <testcase classname="initial.case01.Case01" name="test ReTest[100]" time="0.012"/>
</testsuite>